"blank"			"=========================="
"blank"			"#Valve_Movement_Title"
"blank"			"=========================="
"+forward"		"#Valve_Move_Forward"
"+back"			"#Valve_Move_Back"
"+left"			"#Valve_Turn_Left"
"+right"		"#Valve_Turn_Right"
"+moveleft"		"#Valve_Move_Left"
"+moveright"	"#Valve_Move_Right"
"+jump"			"#Valve_Jump"
"+duck"			"#Valve_Duck"
"+moveup"		"#Valve_Swim_Up"
"+movedown"		"#Valve_Swim_Down"
"+lookup"		"#Valve_Look_Up"
"+lookdown"		"#Valve_Look_Down"
"centerview"	"#Valve_Look_Straight_Ahead"
"+strafe"		"#Valve_Strafe_Modifier"
"+mlook"		"#Valve_Mouse_Look_Modifier"
"+klook"		"#Valve_Keyboard_Look_Modifier"
"+use"			"Pickup/use items"
"blank"			"=========================="
"blank"			"#Valve_Communication_Title"
"blank"			"=========================="
"+voicerecord"	"#Valve_Use_Voice_Communication"
"messagemode"	"#Valve_Chat_Message"
"messagemode2"	"#Valve_Team_Message"
"blank"			"=========================="
"blank"			"#Valve_Combat_Title"
"blank"			"=========================="
"+attack"		"#Valve_Primary_Attack"
"+attack2"		"#Valve_Secondary_Attack"
"+reload"		"#Valve_Reload_Weapon"
"+speed"		"Walk"
"impulse 100"	"#Valve_Flashlight"
"impulse 201"	"#Valve_Spray_Logo"
"slot1"			"Slot 1"
"slot2"			"Slot 2"
"slot3" 		"Slot 3"
"slot4"			"Slot 4"
"slot5"			"Slot 5"
"slot6"			"Slot 6"
"slot7"			"Slot 7"
"slot8"			"Slot 8"
"slot9"			"Slot 9"
"slot0"			"Slot 10/0"
"invprev"		"#Valve_Previous_Weapon"
"invnext"		"#Valve_Next_Weapon"
"lastinv"		"#Valve_Last_Weapon_Used"
"blank"			"=========================="
"blank"			"#Valve_Miscellaneous_Title"
"blank"			"=========================="
"+showscores"	"#Valve_Display_Scores"
"snapshot"		"#Valve_Take_Screen_Shot"
"save quick"	"#Valve_Quick_Save"
"load quick"	"#Valve_Quick_Load"
"pause"			"#Valve_Pause_Game"
"quit"			"#Valve_Quit_Game"
"blank"			"=========================="
"blank"			"RE:CB Exclusive Binds"
"blank"			"=========================="
"impulse 190"	"Drop Ammo From Weapon"
"drop"		"Drop your current weapon"
"blank"			"=======IMPORTANT========"
"+hud"	"Command Menu"
"shovezombie" "Push off zombies"
"blank"			"=======IMPORTANT========"
"impulse 174"	"AdLib Voice System"
"impulse 184"	"AdLib Other Commands"
"impulse 177"	"Quick-Use Green Herb"
"impulse 176"	"Quick-Use Red and Green Herb"
"impulse 178"	"Quick-Use Blue Herb"
"impulse 179"	"Quick-Use First Aid Spray"

